

*******************************************************************************
Wed Jun 26 08:05:33 2024


FIT:    data read from "out.time.dat"
        format = z
        #datapoints = 117
        residuals are weighted equally (unit weight)

function used for fitting: f(x)
	f(x)=A*x**3+bg
fitted parameters initialized with current variable values

iter      chisq       delta/lim  lambda   A             bg           
   0 3.0206150862e-01   0.00e+00  2.97e-01    5.000000e-09   2.000000e-02
   4 2.8601124028e-02  -2.45e-06  2.97e-05    5.661065e-09   8.225510e-03

After 4 iterations the fit converged.
final sum of squares of residuals : 0.0286011
rel. change during last iteration : -2.45261e-11

degrees of freedom    (FIT_NDF)                        : 115
rms of residuals      (FIT_STDFIT) = sqrt(WSSR/ndf)    : 0.0157704
variance of residuals (reduced chisquare) = WSSR/ndf   : 0.000248705

Final set of parameters            Asymptotic Standard Error
=======================            ==========================
A               = 5.66106e-09      +/- 2.345e-11    (0.4142%)
bg              = 0.00822551       +/- 0.001967     (23.91%)

correlation matrix of the fit parameters:
                A      bg     
A               1.000 
bg             -0.671  1.000 
