ode: err=0.000146253961945635 tol=0.000312006146163684 h=0.125
ode: err=9.42226751601583E-05 tol=0.000334444585607655 h=0.143515066201016
ode: err=6.64791865850166E-05 tol=0.000383159097063641 h=0.187138561017065
ode: err=8.99813887972168E-05 tol=0.000470000205864297 h=0.275461083894612
ode: err=8.43044738260919E-05 tol=0.000578558558190294 h=0.395612674010801
ode: err=0.000102595711317406 tol=0.000763332086042839 h=0.608300224407588
ode: err=0.00034402723184182 tol=0.00109261027292388 h=0.954415886667813
ode: err=0.00168679324764813 tol=0.00150249945593412 h=1.21040129500848
ode: err=0.00112007987752885 tol=0.0014206736879662 h=1.11709755778021
ode: err=0.00185177369416525 tol=0.00173670233890428 h=1.12622728080113
ode: err=0.00112494394910758 tol=0.00165668084216104 h=1.05289246607903
ode: err=0.146264351502855 tol=0.00218282169309435 h=1.10188079814462
ode: err=0.00149564315889469 tol=0.00105025065868806 h=0.365871147949636
ode: err=0.000503589505456601 tol=0.000968989138122955 h=0.31817643519209
ode: err=2.7074435313253 tol=0.00316967527354761 h=0.356001785777733
ode: err=1.8948604084311E-06 tol=0.00043582685713136 h=0.0625589747873989
ode: err=0.000766548437486569 tol=0.00063937650529389 h=0.125117949574798
ode: err=0.000375659782989681 tol=0.000606585559018974 h=0.113591933406011
ode: err=0.442407179233828 tol=0.000735387827125521 h=0.121645329119799
ode: err=1.3020703655845E-06 tol=0.000277466971388715 h=0.0233341836020284
ode: err=0.000350979288882974 tol=0.000403192464008283 h=0.0466683672040569
ode: err=0.0530704574082353 tol=0.00043958264671466 h=0.0458990757907031
ode: err=6.14833216251558E-06 tol=0.000216809307947355 h=0.0131545038772598
ode: err=0.00363204956195421 tol=0.000323332668595163 h=0.0263090077545197
ode: err=3.9082131821094E-05 tol=0.00022529636029195 h=0.01365219646233
ode: err=0.008245846244924 tol=0.000293924572141497 h=0.0200964856483865
ode: err=1.90977955973981E-05 tol=0.000179001575470039 h=0.00829552522190186
ode: err=0.00471542326674638 tol=0.000247637877154544 h=0.0137890992183916
ode: err=2.40670572517615E-05 tol=0.000159126190851528 h=0.00627095377420725
ode: err=0.00305259776371011 tol=0.000210791693126172 h=0.00955293611977713
ode: err=2.74756380309758E-05 tol=0.00014058776180047 h=0.0046521794284803
ode: err=0.00199478765225809 tol=0.000180383358853071 h=0.00664706605363545
ode: err=3.08444987120807E-05 tol=0.000124852769643324 h=0.00346280909363154
ode: err=0.00132055607997554 tol=0.000155530070209659 h=0.0046661346899997
ode: err=3.41371808768556E-05 tol=0.000111693189391072 h=0.00259684038057558
ode: err=0.00088223837042988 tol=0.000135342617364561 h=0.0033179407077252
ode: err=3.74676616589627E-05 tol=0.000100911403755809 h=0.00197266974262569
ode: err=0.000592373969759794 tol=0.000119061234049513 h=0.00240076086514401
ode: err=4.09442190384779E-05 tol=9.23048159636957E-05 h=0.00152709519844361
ode: err=0.000398710290606803 tol=0.000106060403122933 h=0.00177765573846473
ode: err=4.45311880852953E-05 tol=8.56759803736117E-05 h=0.00121281684854758
ode: err=0.000270822876282938 tol=9.58356323730876E-05 h=0.00135696150329074
ode: err=4.77381354443703E-05 tol=8.0763240966873E-05 h=0.000994263620079763
ode: err=0.000192528439497033 tol=8.79273126427134E-05 h=0.00107723939119557
ode: err=4.93916080539217E-05 tol=7.69924271204571E-05 h=0.000841284831043311
ode: err=0.000152116576155779 tol=8.16655154249297E-05 h=0.000893028614551642
ode: err=4.90423089643507E-05 tol=7.33491881460412E-05 h=0.000726197118865279
ode: err=0.000116800728382944 tol=7.596238938763E-05 h=0.000762929182781519
ode: err=5.01889878040691E-05 tol=7.01516002874707E-05 h=0.000650872764654334
ode: err=7.07618629055835E-05 tol=7.08424285057222E-05 h=0.000672321486286866
ode: err=3.69559516441003E-05 tol=6.77087202977856E-05 h=0.000638887133196365
ode: err=2.81623066147628E-05 tol=6.9100178110945E-05 h=0.000706135102204251
ode: err=2.82648173302886E-05 tol=7.26328061303979E-05 h=0.000839583978143868
ode: err=2.95920620624005E-05 tol=7.66046826981047E-05 h=0.0010098559011453
ode: err=2.68755276751553E-05 tol=8.09805062913281E-05 h=0.00121689479961378
ode: err=2.52038364576072E-05 tol=8.74513707698923E-05 h=0.00152311435885515
ode: err=2.47346724547038E-05 tol=9.63812445145612E-05 h=0.00197483633749438
ode: err=2.50342488070516E-05 tol=0.000108097470364444 h=0.00263588407686885
ode: err=2.59250545753931E-05 tol=0.000123195821031805 h=0.00360969205486036
ode: err=2.73339954976517E-05 tol=0.000142565674954353 h=0.00506305719065575
ode: err=2.92524948372574E-05 tol=0.000167480036314468 h=0.00726882816638824
ode: err=3.17125301261689E-05 tol=0.000199745274265402 h=0.010681642567787
ode: err=3.47807371105254E-05 tol=0.000241949271437409 h=0.0160758169278472
ode: err=3.85620985112759E-05 tol=0.000297872438555803 h=0.0248023619652173
ode: err=4.32177599749828E-05 tol=0.000373196694771303 h=0.039281138068759
ode: err=4.90168079697356E-05 tol=0.000476800113475967 h=0.0639700295061261
ode: err=5.64934796336509E-05 tol=0.000623287597187953 h=0.107324280911909
ode: err=6.69379033714585E-05 tol=0.000838289066238956 h=0.185820717441711
ode: err=8.4024426600824E-05 tol=0.00117015240449026 h=0.332084160871649
ode: err=0.000127713259682747 tol=0.00171555442482674 h=0.609440041932396
ode: err=0.000404843132703789 tol=0.00263892680272647 h=1.10840051304846
ode: err=0.00184172881927816 tol=0.00385515318755031 h=1.68250152004467
ode: err=0.179193346745371 tol=0.00481952441468049 h=1.92257397642752
ode: err=0.00047890737445161 tol=0.00273256687468998 h=0.739651667639982
ode: err=0.0591417947449531 tol=0.00361330721082128 h=1.08600209922806
ode: err=0.00585144636925876 tol=0.00238191548094707 h=0.512928543074095
ode: err=0.000716179331493971 tol=0.00205169185444524 h=0.389220989021008
ode: err=0.150370773750498 tol=0.00235962839282367 h=0.481052465530459
ode: err=0.000205814545913991 tol=0.00134236612780185 h=0.161746948054955
ode: err=0.13444291545834 tol=0.00169226365988977 h=0.2455604553888
ode: err=4.76790571598485E-05 tol=0.000940142760994443 h=0.0781384086164277
ode: err=0.0396795962278348 tol=0.00135126231849284 h=0.156276817232855
ode: err=9.81914857598225E-05 tol=0.000855050799010309 h=0.0637765861470436
ode: err=0.0149191608464618 tol=0.00110337107280516 h=0.104079307795362
ode: err=0.000172149088170267 tol=0.000773163826758502 h=0.0515623021994517
ode: err=0.00566897566993508 tol=0.000913742246726747 h=0.0713095351224966
ode: err=0.000271624872372708 tol=0.000708154392044627 h=0.0429240792936993
ode: err=0.00178727189718896 tol=0.000778730999817908 h=0.0518160374819908
ode: err=0.000460083915477387 tol=0.000684281936988733 h=0.0399932789849059
ode: err=0.000333092509585618 tol=0.00070007256288288 h=0.041957550344872
ode: err=0.00011200733852434 tol=0.000747819490364737 h=0.0479930418986781
ode: err=0.000162816286441827 tol=0.000924309253172726 h=0.0732891117423941
ode: err=0.000140991897046429 tol=0.00112274387025979 h=0.107471405193567
ode: err=0.000129508692016898 tol=0.00142935181527886 h=0.171509494647251
ode: err=0.000140672981170217 tol=0.00191176509203073 h=0.296976324310695
ode: err=0.000195165007314984 tol=0.00266681893088503 h=0.541690715591236
ode: err=0.000582735810686779 tol=0.00382379465668509 h=0.989402245227059
ode: err=0.00257298522603426 tol=0.00512661533048649 h=1.50436150055926
ode: err=0.138773672176453 tol=0.00588631546686 h=1.69794717840764
ode: err=0.00120838676530078 tol=0.00371472537771913 h=0.732035081175679
ode: err=0.108101803487896 tol=0.0043231228667382 h=0.920843204753796
ode: err=0.00548842532328862 tol=0.00276948751440832 h=0.391201447196811
ode: err=0.00106152831831322 tol=0.00246864201861303 h=0.313229005097857
ode: err=0.121556643715355 tol=0.00269992234750519 h=0.367466040214394
ode: err=0.000408013735424663 tol=0.00162999467518802 h=0.134767123277167
ode: err=0.0846015923535187 tol=0.00189821635606066 h=0.181002850313061
ode: err=0.000105968329411312 tol=0.00114891801734996 h=0.0665504218403097
ode: err=0.0197388026572231 tol=0.00151210154722694 h=0.114723570795463
ode: err=0.000238678547823334 tol=0.00106862229650644 h=0.0573378361823702
ode: err=0.0064226750034164 tol=0.00125600710031614 h=0.0792351010128276
ode: err=0.000457158688714646 tol=0.000998898100893143 h=0.0500564744289465
ode: err=0.0012545264194098 tol=0.00107187362899262 h=0.0578159166673745
ode: err=0.000821411861247253 tol=0.0010245626685166 h=0.0528064490707823
ode: err=0.000179806224828051 tol=0.00102490102546481 h=0.0530157560772882
ode: err=0.000185509163289565 tol=0.00124032009319643 h=0.0778211897158904
ode: err=0.000200004754833517 tol=0.00153365244537081 h=0.118881307891322
ode: err=0.000168990087699103 tol=0.00193448489997588 h=0.187935505921816
ode: err=0.000423797228423417 tol=0.00257995920916107 h=0.328404024692263
ode: err=0.00299295273692013 tol=0.00320588101080201 h=0.490056053236574
ode: err=0.0070077975381117 tol=0.00321096545947976 h=0.473621324945807
ode: err=0.00198627409319876 tol=0.00282694113846842 h=0.370184623734982
ode: err=0.000922631603018093 tol=0.00292588903695037 h=0.384115097978067
ode: err=0.000270215895639449 tol=0.00336745747139211 h=0.486958963578191
ode: err=0.000738135086303447 tol=0.00469418909418858 h=0.869188109069837
ode: err=0.00151250786547618 tol=0.00616941470393653 h=1.31127434479895
ode: err=0.00519000645632031 tol=0.00786799169378609 h=1.77032804826826
ode: err=0.107362189885117 tol=0.00892093698363123 h=1.86617064700879
ode: err=0.00264724915424143 tol=0.0060690005750726 h=0.951841721375631
ode: err=0.153944441075119 tol=0.00696150475226806 h=1.11267654263976
ode: err=0.000585833203602043 tol=0.00445767865150764 h=0.487446903476449
ode: err=0.00259112538867695 tol=0.00583232310058879 h=0.769103193821626
ode: err=0.00298555897772779 tol=0.00658884961760982 h=0.894945330691141
ode: err=0.11236391865068 tol=0.00736998257074373 h=1.03625370643203
ode: err=0.022360557267939 tol=0.00502557386956332 h=0.498195268098008
ode: err=0.00132048508495489 tol=0.00403713291528435 h=0.325873438442412
ode: err=0.0266535342147394 tol=0.00458947722733349 h=0.409361933593314
ode: err=0.00170530071108448 tol=0.00357312497151468 h=0.250514670843902
ode: err=0.00154526042111992 tol=0.00385189922252951 h=0.286331137103529
ode: err=0.000226966121691219 tol=0.00424863853045962 h=0.341790897119205
ode: err=0.00072007197890671 tol=0.00609216022590627 h=0.675392578296758
ode: err=0.00414994295944064 tol=0.00799841723307612 h=1.09428070297952
ode: err=0.00731673034644949 tol=0.00872756956964464 h=1.22487798196669
ode: err=0.00320811568888784 tol=0.0090133213645652 h=1.21607539289685
ode: err=0.436875144867742 tol=0.0105476719930651 h=1.4956942175566
ode: err=0.0364565863585512 tol=0.00624849702984678 h=0.560100860154333
ode: err=0.00096133287841532 tol=0.00484142618096675 h=0.342365296682531
ode: err=0.10601370302101 tol=0.00588107136728774 h=0.487234712540766
ode: err=0.00761415512956797 tol=0.0039581006663145 h=0.224639145350555
ode: err=0.00178015178403265 tol=0.00354819515908521 h=0.181207146745964
ode: err=0.124677823423565 tol=0.00379195549330085 h=0.204543905359951
ode: err=0.000677953609831194 tol=0.0023828033532715 h=0.0811481557003695
ode: err=0.0373518038686905 tol=0.00272515574593378 h=0.10555390757078
ode: err=0.000480743883713226 tol=0.00191324847369949 h=0.0521156138462819
ode: err=0.00618488394867059 tol=0.0022181848533375 h=0.0699287660393484
ode: err=0.00130991749127094 tol=0.00190184334990599 h=0.0514098119334584
ode: err=0.000597449288336459 tol=0.00194214169595986 h=0.0536108040380244
ode: err=0.000218851585805212 tol=0.00219364462161713 h=0.068386581056665
ode: err=0.000345291057379191 tol=0.00285422794163279 h=0.115597552951154
ode: err=0.000267232985625667 tol=0.00363051429327715 h=0.186207889018751
ode: err=0.000300595593439125 tol=0.00492967958867926 h=0.339618393840379
ode: err=0.000434602147762108 tol=0.0069036916546732 h=0.649267747482346
ode: err=0.00262454309069772 tol=0.00978313940792141 h=1.23138770910307
ode: err=0.10940890885952 tol=0.011735276655487 h=1.62545351275222
ode: err=0.00450873851646652 tol=0.00847987062280708 h=0.883707050744401
ode: err=0.486253392090236 tol=0.0092024082732432 h=0.983140234248038
ode: err=0.000388691580524992 tol=0.00535959480564281 h=0.346416674462481
ode: err=0.00511137428071828 tol=0.00738103115590609 h=0.634167672499408
ode: err=0.00120869376356417 tol=0.00767755215632759 h=0.66042353825649
ode: err=0.00172265008283679 tol=0.00971514041604332 h=0.996030809722338
ode: err=0.00392028123772058 tol=0.0123071707765303 h=1.45817410279303
ode: err=0.0617307308429875 tol=0.0147318092062304 h=1.8439249336388
ode: err=0.00168939456979743 tol=0.0117449292343357 h=1.22434978391685
ode: err=0.19606112188158 tol=0.0157079271347148 h=1.88868243716416
ode: err=0.48638736832584 tol=0.0107373229755728 h=0.95458453851823
ode: err=4.00484693259089E-05 tol=0.00635220271002573 h=0.349555736261909
ode: err=8.15745201902832 tol=0.0119434926833441 h=0.699111472523818
ode: err=1.49419449302775E-06 tol=0.00389048366372055 h=0.129916478244899
ode: err=0.000551651740813021 tol=0.00555488751096127 h=0.259832956489798
ode: err=0.200048339282624 tol=0.00737270017017324 h=0.439714117308862
ode: err=0.0179089198421061 tol=0.00469831318464704 h=0.183027741197075
ode: err=0.000615921406434064 tol=0.00386345198132615 h=0.12443961760235
ode: err=0.0394072798645776 tol=0.00477812506308595 h=0.187087524386611
ode: err=0.161872322950359 tol=0.00356851584114214 h=0.10487903850152
ode: err=3.32415248432033E-05 tol=0.00214967019844799 h=0.038392028558644
ode: err=0.652393924312693 tol=0.0030584580169945 h=0.076784057117288
ode: err=5.74920643978382E-06 tol=0.001517202014792 h=0.0190872259592696
ode: err=0.00431725784724666 tol=0.00215145863113715 h=0.0381744519185392
ode: err=0.000727523233706285 tol=0.0019207386629493 h=0.0304703658571439
ode: err=4.77589514823834 tol=0.00268319008902437 h=0.0368983228859949
ode: err=1.29251908398068E-06 tol=0.00080874042996269 h=0.00539671391855206
ode: err=0.000287126181138351 tol=0.00114537131729878 h=0.0107934278371041
ode: err=0.660271167432441 tol=0.00134511102938742 h=0.0144911007081234
ode: err=3.03580619041039E-06 tol=0.000596591096356332 h=0.00292471754322184
ode: err=0.000904783515142382 tol=0.000845569046568565 h=0.00584943508644369
ode: err=0.000559869295512603 tol=0.000817031932690803 h=0.00546372245950934
ode: err=0.107453755747213 tol=0.000843108524797495 h=0.00570493014180265
ode: err=1.15478715393953E-05 tol=0.000444416678972639 h=0.00161301871483325
ode: err=0.0064721078428822 tol=0.000631752799815703 h=0.0032260374296665
ode: err=8.27702270175274E-05 tol=0.000458855615399815 h=0.00171304339518
ode: err=0.0166209264403734 tol=0.000558431080349173 h=0.00249713744009402
ode: err=3.57335103314534E-05 tol=0.000353991254003081 h=0.00101565132635249
ode: err=0.00900042355535464 tol=0.00046322507310199 h=0.00171177806859131
ode: err=4.58906843232266E-05 tol=0.00030986485386627 h=0.000774556924540576
ode: err=0.00559433397937234 tol=0.000386635038454494 h=0.00118614803188227
ode: err=5.23754463148552E-05 tol=0.000268387872245513 h=0.000577764299075005
ode: err=0.00350152611588154 tol=0.000323638220710044 h=0.000825815624565002
ode: err=5.84526129278596E-05 tol=0.000233027550135235 h=0.000432570909403863
ode: err=0.00221614429454388 tol=0.000272403549694884 h=0.000580673156474532
ode: err=6.39606458768667E-05 tol=0.000203318154344879 h=0.000326632230943963
ode: err=0.00141361212129507 tol=0.000231095119327689 h=0.000414331995849474
ode: err=6.90416966495447E-05 tol=0.000178824467247328 h=0.000250286373407229
ode: err=0.000906576320699097 tol=0.000198128116592473 h=0.000301640520798686
ode: err=7.3779689609014E-05 tol=0.000159075933375197 h=0.000195929000135182
ode: err=0.000585682664256882 tol=0.000172205231369459 h=0.000225548135614486
ode: err=7.79109393113867E-05 tol=0.000143599156231281 h=0.000157782502413581
ode: err=0.000388183925966281 tol=0.000152304765334232 h=0.000174650891516991
ode: err=8.04129483249879E-05 tol=0.000131790576798559 h=0.000131314715805409
ode: err=0.000279161627527083 tol=0.00013750901374187 h=0.000141148607065568
ode: err=7.99347413892268E-05 tol=0.000122531724409437 h=0.000112336027839727
ode: err=0.000221941084744553 tol=0.000126443910856444 h=0.000118746525582327
ode: err=7.85345454999961E-05 tol=0.000114827274777697 h=9.80075585287506E-05
ode: err=0.000155724912714949 tol=0.000117435537754196 h=0.000102383331378685
ode: err=8.24512986352139E-05 tol=0.000110506181844361 h=9.06386071576488E-05
ode: err=9.13653262695243E-05 tol=0.000111505172103045 h=9.26475836071924E-05
ode: err=5.41205291484484E-05 tol=0.000110990897155794 h=9.2509450811062E-05
ode: err=4.60028920179886E-05 tol=0.000117729033008666 h=0.000105169798047819
ode: err=4.99269550381819E-05 tol=0.000128298364179418 h=0.000126368623757911
ode: err=5.14946196255167E-05 tol=0.000139910743483502 h=0.000151996774105648
ode: err=4.82136430476305E-05 tol=0.000153727067208651 h=0.000185387427723349
ode: err=4.71225195680692E-05 tol=0.000172422505535881 h=0.00023534175202551
ode: err=4.78297416975368E-05 tol=0.00019686092566544 h=0.00030921741813585
ode: err=4.98439202336361E-05 tol=0.000228216043520776 h=0.000418410839282522
ode: err=5.29487942506146E-05 tol=0.00026824609666486 h=0.000581446856548535
ode: err=5.70836339024097E-05 tol=0.000319456047906798 h=0.000828710738155418
ode: err=6.22795179898785E-05 tol=0.000385362799159419 h=0.00121088095118966
ode: err=6.86312452297361E-05 tol=0.000470913492629862 h=0.0018142878358566
ode: err=7.62875545919816E-05 tol=0.000583132316532676 h=0.00278955294046053
ode: err=8.54513413618256E-05 tol=0.000732123813131738 h=0.0044064268744881
ode: err=9.63879163981976E-05 tol=0.000932650928217279 h=0.00716187249312549
ode: err=0.000109444217820227 tol=0.0012066641412803 h=0.0119998087290661
ode: err=0.00012509317873568 tol=0.00158744669790033 h=0.0207728614862941
ode: err=0.000144071215957884 tol=0.00212658445759315 h=0.0372465722449101
ode: err=0.000168039965057352 tol=0.00290597192360865 h=0.0693563564740213
ode: err=0.000203116715429387 tol=0.00405821131842297 h=0.134362966346764
ode: err=0.000246657222203088 tol=0.00578167159593392 h=0.268725932693529
ode: err=0.000318695546804495 tol=0.00830417216603411 h=0.537451865387057
ode: err=0.00314644483298405 tol=0.0120986538863435 h=1.07490373077411
ode: err=0.0141877248201104 tol=0.0144442899085008 h=1.42995512405352
ode: err=0.292673850925092 tol=0.0143827455242317 h=1.36455760315072
ode: err=0.258410510149096 tol=0.00952208905119065 h=0.610351403458054
ode: err=0.0196250311311633 tol=0.00612250075754581 h=0.254044074245993
ode: err=0.00147590438464118 tol=0.00515074681811704 h=0.1803691662328
ode: err=0.0975743889033746 tol=0.00588599924194565 h=0.234201082456801
ode: err=0.00738199896628749 tol=0.00403649571081841 h=0.110263962070335
ode: err=0.00193306080777511 tol=0.00364690453153088 h=0.0900771896192571
ode: err=0.145782788929383 tol=0.00384964434914811 h=0.100290120437251
ode: err=0.000429146256314961 tol=0.00238299508985978 h=0.0384069965832309
ode: err=0.0292742843718657 tol=0.00287809006157259 h=0.0560097206826793
ode: err=0.000632208989645931 tol=0.0020994668199005 h=0.0297948727737099
ode: err=0.00505409352977335 tol=0.00237676921501883 h=0.0382100167172512
ode: err=0.00159257100560978 tol=0.00210833980892035 h=0.030059847137342
ode: err=0.000462438439769492 tol=0.00212743262805443 h=0.0306316805434239
ode: err=0.000274482771217195 tol=0.00250863551118689 h=0.0426181802150266
ode: err=0.000361961357345716 tol=0.00322438894540996 h=0.0703961852982564
ode: err=0.000276338802612128 tol=0.00413416848664651 h=0.115536454187424
ode: err=0.000288694745850174 tol=0.00566466194035858 h=0.215863500486441
ode: err=0.000336554433251817 tol=0.00805954344745867 h=0.431605131886859
ode: err=0.000610787265360204 tol=0.0115622811823421 h=0.863210263773719
ode: err=0.00674939549013369 tol=0.0168030198107629 h=1.7105217040911
ode: err=0.119953222951093 tol=0.0191800286559916 h=2.04118707671493
ode: err=0.277303544862738 tol=0.0146058021419813 h=1.22621252520678
ode: err=0.000197867533178637 tol=0.00970684926897687 h=0.558061228982845
ode: err=0.124129080042071 tol=0.0140641923126981 h=1.11612245796569
ode: err=0.153725727803354 tol=0.0103320078047519 h=0.615170876739206
ode: err=0.000229046384399095 tol=0.0071330332875013 h=0.297562990179772
ode: err=0.107452595475392 tol=0.0102165865574824 h=0.595125980359543
ode: err=0.0675655291908597 tol=0.00738047174167687 h=0.313945846955257
ode: err=0.000372061032892076 tol=0.00543533772073141 h=0.171462077863792
ode: err=0.124078537788639 tol=0.00745603032438065 h=0.318452581884805
ode: err=0.0219070232170703 tol=0.00509913647597137 h=0.14978596761846
ode: err=0.000750231999588459 tol=0.00413642064854673 h=0.0988377957694393
ode: err=0.0858713581101779 tol=0.00500233727300757 h=0.143881161489216
ode: err=0.00718946630375881 tol=0.00341604837724957 h=0.0671519610372318
ode: err=0.00122054464016641 tol=0.00303239362901461 h=0.0529650205521223
ode: err=0.272998646186063 tol=0.00331335457100133 h=0.063171432804448
ode: err=0.000173721944290327 tol=0.00186089508550654 h=0.0199191676846975
ode: err=0.112944628698834 tol=0.00244285199639648 h=0.0342343112477625
ode: err=0.000116189009835642 tol=0.00147328659937503 h=0.0124722007760566
ode: err=0.0339535849788838 tol=0.00197432829618856 h=0.0223587358806316
ode: err=0.000243565267720372 tol=0.00134800723989305 h=0.0104304797565313
ode: err=0.0120556874243048 tol=0.00162764214932247 h=0.0151983732676569
ode: err=0.000419897265855487 tol=0.00123521492885565 h=0.00875210358094114
ode: err=0.00397990727010629 tol=0.00137734156235451 h=0.0108889480406222
ode: err=0.000735750274475144 tol=0.00117592408736212 h=0.00793417372811126
ode: err=0.000686105162199239 tol=0.00121458889597489 h=0.0084749574091696
ode: err=0.000185051798571873 tol=0.00127058582114535 h=0.00928690032798402
ode: err=0.000280197465321951 tol=0.00157460640483369 h=0.0142814420939049
ode: err=0.000229563119160044 tol=0.00190348382536767 h=0.0208892391255488
ode: err=0.000210143090810403 tol=0.00241621537682825 h=0.0336750302994263
ode: err=0.000218502339676825 tol=0.0031960439878339 h=0.0589096893414147
ode: err=0.000237542621924195 tol=0.00435965150524872 h=0.10944590124784
ode: err=0.00027203191963158 tol=0.00612756529066969 h=0.215204161089162
ode: err=0.000303941304509033 tol=0.00871695928976352 h=0.430408322178324
ode: err=0.000442565212766248 tol=0.0125006669146927 h=0.860816644356648
ode: err=0.0153151122636375 tol=0.018271065718164 h=1.7216332887133
ode: err=0.144754892031556 tol=0.0189538427589718 h=1.70932710932979
ode: err=0.0679139915782324 tol=0.0140676399548081 h=0.976820559170342
ode: err=0.00474807375147207 tol=0.0111706332878591 h=0.626042610835729
ode: err=0.0240535432726941 tol=0.0123319533456273 h=0.736576033700825
ode: err=0.00782972873125065 tol=0.0110172016148129 h=0.592112722055207
ode: err=0.000957535306948283 tol=0.0113836920691648 h=0.612645352045906
ode: err=0.0535876911438953 tol=0.0155564917128201 h=1.08072409437147
ode: err=0.0049442615943125 tol=0.0128849105628335 h=0.753615970533484
ode: err=0.184677779003383 tol=0.014430493620072 h=0.90963820100268
ode: err=0.00683058400472888 tol=0.010142011226843 h=0.456887137698618
ode: err=0.00339247217582677 tol=0.0104769248507212 h=0.479125295137957
ode: err=0.00161953022836516 tol=0.0118701495758903 h=0.603395530159813
ode: err=0.0717113926945005 tol=0.0150012201542439 h=0.943175426737573
ode: err=0.00430213202096444 tol=0.0119843250164252 h=0.605969393818714
ode: err=0.00269579918330469 tol=0.0133715372814495 h=0.743715368423513
ode: err=0.00291282172673757 tol=0.0161048979860908 h=1.05439615085396
ode: err=0.0322331574374189 tol=0.0198855021989319 h=1.53599016652801
ode: err=0.0136255314120033 tol=0.0181716925541832 h=1.2932142131474
ode: err=0.0461368090142644 tol=0.018823237588019 h=1.32024507830819
ode: err=0.00593060504885451 tol=0.016294163862369 h=1.00239722334282
ode: err=0.171117105806847 tol=0.0184808293681808 h=1.22601766970961
ode: err=0.00759982079414321 tol=0.0134882617666957 h=0.667693798357194
ode: err=0.589177388109168 tol=0.0142354134822627 h=0.732131522708854
ode: err=0.112756318469983 tol=0.0086987043632183 h=0.274216583374149
ode: err=0.000552813457018241 tol=0.00613564761825064 h=0.137292161195893
ode: err=0.102406857701941 tol=0.00811448870685527 h=0.238061846355441
ode: err=0.0121249975029026 tol=0.00575197750793071 h=0.119990381139431
ode: err=0.00249699378992942 tol=0.00510442139291748 h=0.0946027842854604
ode: err=0.153433212880654 tol=0.0054468183824555 h=0.107463204832176
ode: err=0.00121526347418289 tol=0.00349685936555309 h=0.044313828472416
ode: err=0.0439418013979448 tol=0.00389144159917771 h=0.0548295659640351
ode: err=0.000865984346195921 tol=0.00280126146210735 h=0.028414929204205
ode: err=0.00523476209813513 tol=0.00316190706199298 h=0.0362018766983545
ode: err=0.00233263250225657 tol=0.00289369172820369 h=0.030319199309988
ode: err=0.000444231232928493 tol=0.0028971391704613 h=0.0303978465479337
ode: err=0.000368401409917615 tol=0.00356976145803343 h=0.0461483832517566
ode: err=0.000441101208295414 tol=0.00462369759972348 h=0.0773498675074375
ode: err=0.00034783842151455 tol=0.00605319894790612 h=0.132219640863091
ode: err=0.000381715555617166 tol=0.00846061014542673 h=0.256549650625501
ode: err=0.00044030429408027 tol=0.0120633236882337 h=0.513099301251002
ode: err=0.00114678447479059 tol=0.0173812900728669 h=1.026198602502
ode: err=0.0622800282484139 tol=0.0247559438248129 h=1.92355706525949
ode: err=0.00636741632676688 tol=0.0212785456323181 h=1.45097975206666
ode: err=1.48563784426893 tol=0.0242463460434162 h=1.8637155591911
ode: err=0.648513117640431 tol=0.0142749865729426 h=0.632829290881148
ode: err=9.46949806506047E-05 tol=0.00854317731822329 h=0.231565797282328
ode: err=0.271830049101284 tol=0.0121990522519996 h=0.463131594564656
ode: err=0.00147072817420699 tol=0.00802587418106192 h=0.202504729953439
ode: err=0.277319322042693 tol=0.00973730013029615 h=0.294034818271214
ode: err=0.0193223045714116 tol=0.00622098820877669 h=0.120916891123417
ode: err=0.00132499006397281 tol=0.00525752456814251 h=0.0865288021250514
ode: err=0.0926034387735433 tol=0.00610260327767565 h=0.11601829241761
ode: err=0.0115106713889036 tol=0.00423066745144582 h=0.0558434293315139
ode: err=0.00132238863687496 tol=0.00363680798246423 h=0.0413069133887977
ode: err=0.239545656859526 tol=0.00402555597988505 h=0.0505343478011192
ode: err=0.000291106627128213 tol=0.00235396178299278 h=0.0172850110944599
ode: err=0.0853282056329371 tol=0.00298174280006024 h=0.0276904553041237
ode: err=0.000233028833947612 tol=0.00191031473866937 h=0.0113736037503114
ode: err=0.0230227265423391 tol=0.00242292543545632 h=0.0182829181505114
ode: err=0.000512479069234195 tol=0.00178220801543435 h=0.00989270238422269
ode: err=0.00664454685829966 tol=0.00202977715218242 h=0.0128339136846143
ode: err=0.00104160796827881 tol=0.00170598303094667 h=0.00906417886958547
ode: err=0.000931512671362474 tol=0.00176802320716406 h=0.00974136184965011
ode: err=0.000229985465387414 tol=0.00186633448558052 h=0.0108622071210283
ode: err=0.000369142507716282 tol=0.00236256809503556 h=0.0174166232565427
ode: err=0.000288218568534949 tol=0.00290379382920535 h=0.0263169243489613
ode: err=0.000270437960956087 tol=0.00377821070592195 h=0.0445419978489052
ode: err=0.000283688550374084 tol=0.00512348566201659 h=0.0818084055415733
ode: err=0.000310104955691836 tol=0.0071822850014313 h=0.160214737601446
ode: err=0.000306061880048479 tol=0.0101999857254531 h=0.320429475202891
ode: err=0.000463562621609126 tol=0.0145631741743865 h=0.640858950405783
ode: err=0.00537117666657585 tol=0.0210255192080964 h=1.28171790081157
ode: err=0.0938087887212425 tol=0.0250308972682773 h=1.71271609156802
ode: err=0.330421821295099 tol=0.0204822772107768 h=1.16941108366051
ode: err=0.00042335964400714 tol=0.0139568583321549 h=0.554329754681169
ode: err=0.305405572946421 tol=0.0201093740991111 h=1.10865950936234
ode: err=0.144478739936632 tol=0.0138238596461553 h=0.533521825855042
ode: err=0.000762953290322778 tol=0.010002069953006 h=0.281891602549671
ode: err=0.264019832547016 tol=0.0135545258702038 h=0.509569854993378
ode: err=0.0323439910990591 tol=0.00908183704226685 h=0.230430137179045
ode: err=0.00225372843346555 tol=0.00754221231209279 h=0.159352142770702
ode: err=0.158680944713942 tol=0.00857190152571982 h=0.204753250695816
ode: err=0.00977433203328809 tol=0.00579584076049361 h=0.0937761739555012
ode: err=0.00298347625312929 tol=0.00529042529887935 h=0.0781760015991191
ode: err=0.15082988838924 tol=0.00554194737862267 h=0.0857016255946942
ode: err=0.000905752784461563 tol=0.00357430078461497 h=0.0356456396211815
ode: err=0.0191471671723906 tol=0.00413628223845107 h=0.0477282347401726
ode: err=0.001913349618642 tol=0.00332898052495933 h=0.0309118776855698
ode: err=0.00138191141532753 tol=0.00347673814334576 h=0.0337270395310705
ode: err=0.000297456086825632 tol=0.00380237015784654 h=0.0403529018820496
ode: err=0.00052948784528657 tol=0.00509612531885758 h=0.0724863546972732
ode: err=0.000381894983113679 tol=0.0065945205372085 h=0.12129024998885
ode: err=0.0003815958552513 tol=0.00918863311958005 h=0.23488718029819
ode: err=0.000391941079631905 tol=0.0130388648828191 h=0.46977436059638
ode: err=0.00236331474290188 tol=0.01859433388541 h=0.93954872119276
ode: err=0.368113670944452 tol=0.0239233887862415 h=1.49488462879408
ode: err=0.000685937351127803 tol=0.0163743521117987 h=0.717036840001844
ode: err=0.393907700191077 tol=0.023739259515596 h=1.43407368000369
ode: err=0.292122123385416 tol=0.0160597378787888 h=0.675014721949792
ode: err=0.000319768722300769 tol=0.0108203502206193 h=0.310513403183786
ode: err=0.211079865674059 tol=0.0154657915875532 h=0.621026806367572
ode: err=0.0800588131367136 tol=0.0108131871055755 h=0.306948339342574
ode: err=0.000768679566784043 tol=0.00818635116466115 h=0.176776705531777
ode: err=0.220187503751514 tol=0.0107804012521621 h=0.303378569837553
ode: err=0.0244699253005274 tol=0.00718707610601699 h=0.135571708594953
ode: err=0.00147833872981846 tol=0.00600535855869795 h=0.0948140231115877
ode: err=0.109401547475141 tol=0.00698773853445347 h=0.127875524206195
ode: err=0.011481191360872 tol=0.00482609771379977 h=0.0610716041502638
ode: err=0.00176689874127228 tol=0.00421946793916818 h=0.0467159539582999
ode: err=0.209558695640887 tol=0.00458724650832271 h=0.0551696634336582
ode: err=0.000486333896309024 tol=0.0027731926303846 h=0.0201597683686754
ode: err=0.0700988127717039 tol=0.00336122194773195 h=0.0295951480938179
ode: err=0.000365696008184795 tol=0.00224099768379338 h=0.013156511656053
ode: err=0.0174039156553477 tol=0.00273980816406684 h=0.0196650319838203
ode: err=0.000864254816682318 tol=0.00211963768293838 h=0.0117675637235673
ode: err=0.00304358561415837 tol=0.00231053767908483 h=0.0139899164186427
ode: err=0.00174882091573456 tol=0.00217587564416066 h=0.0124056809641574
ode: err=0.00034758347253407 tol=0.00217880542985163 h=0.0124470489241506
ode: err=0.000356189572153815 tol=0.00267043528898934 h=0.0187102605221306
ode: err=0.00037926122710632 tol=0.00334731806754395 h=0.0294122774687054
ode: err=0.00030897344153708 tol=0.00428277926986204 h=0.0481606005245857
ode: err=0.000323876696231829 tol=0.00579924559376215 h=0.0882808760621242
ode: err=0.000356202146351638 tol=0.00811343714201251 h=0.172519499574284
ode: err=0.000395450824155058 tol=0.0115031232746048 h=0.345038999148568
ode: err=0.00198232420647808 tol=0.0163780894502196 h=0.690077998297136
ode: err=0.00184128542812728 tol=0.0210633236084959 h=1.11146022351056
ode: err=0.0241309000524911 tol=0.0286073360155696 h=1.94186474116074
ode: err=0.109377572342163 tol=0.0293750996275969 h=1.92494602094766
ode: err=0.105593114525074 tol=0.0240447907097751 h=1.31645169482584
ode: err=0.00590086480819741 tol=0.0193374451635823 h=0.863922696326755
ode: err=0.150224770255412 tol=0.0222635793329843 h=1.10425492901889
ode: err=0.0630640259132019 tol=0.0169633008753154 h=0.650888069989877
ode: err=0.00693232482362449 tol=0.0139835166002028 h=0.445309628012558
ode: err=0.00672655411375749 tol=0.0150043555434672 h=0.504161949255495
ode: err=0.00113760733691712 tol=0.0163328708553747 h=0.585328737382165
ode: err=0.0223412675438555 tol=0.0226416050222494 h=1.08240798655719
ode: err=0.280960621232662 tol=0.022370077516603 h=1.03172616239636
ode: err=0.0198049430894977 tol=0.0158185791648047 h=0.520647224286521
ode: err=0.00814097841941579 tol=0.0149819652835224 h=0.467590448327868
ode: err=0.141951204443716 tol=0.0158259237886533 h=0.517383151727191
ode: err=0.0104819232867074 tol=0.0117079546258146 h=0.284016377833108
ode: err=0.00767117316095557 tol=0.0115915879948664 h=0.277381187521375
ode: err=0.129751574375364 tol=0.0119331810065888 h=0.292160094261489
ode: err=0.00066171471129985 tol=0.00861324778781599 h=0.15284646512609
ode: err=0.35076643644915 tol=0.0116216987590501 h=0.275805576157688
ode: err=0.0249902796241169 tol=0.00737458129512473 h=0.111786547561671
ode: err=0.00137764125670264 tol=0.00616787340141146 h=0.0782716901465409
ode: err=0.120769799735861 tol=0.00726442957632313 h=0.108162855658965
ode: err=0.0159172597863411 tol=0.00497792067728606 h=0.0508876672777815
ode: err=0.00121120006920675 tol=0.0041940386864879 h=0.0361518948491231
ode: err=0.300885414421158 tol=0.00477907367200158 h=0.0468499149399917
ode: err=0.000402597001502668 tol=0.00277390907960218 h=0.0158003991947775
ode: err=0.223868791977877 tol=0.003446621348588 h=0.0243190769151686
ode: err=0.000122608859263685 tol=0.0019915110877633 h=0.00813805641339868
ode: err=0.0633375794596988 tol=0.00275376398964266 h=0.0155206362467646
ode: err=0.000256347618587812 tol=0.00181229192916031 h=0.00673285775841495
ode: err=0.0220975973584307 tol=0.00225758833387817 h=0.0104297227053506
ode: err=0.000462645130769212 tol=0.00165391936874362 h=0.00560171863754859
ode: err=0.00783521323492919 tol=0.00189107464668009 h=0.00731747893688498
ode: err=0.000784926722124445 tol=0.00154305589583286 h=0.00487247421214389
ode: err=0.00167423734493058 tol=0.00163656720073921 h=0.00548101878469826
ode: err=0.00128108947608259 tol=0.00159061221885417 h=0.00517742838424297
ode: err=0.000286556845220657 tol=0.00159254529316481 h=0.00519199084845324
ode: err=0.000315492822197401 tol=0.00192298712071625 h=0.00757317120570078
ode: err=0.000333528312688558 tol=0.0023492104753023 h=0.0113044152794633
ode: err=0.000275718341116374 tol=0.00292267399716192 h=0.0174952041368967
ode: err=0.000279894531787176 tol=0.00382740815588923 h=0.0299896432323222
ode: err=0.000292101760528713 tol=0.00517558303357987 h=0.0547863661394791
ode: err=0.000285921652669695 tol=0.00723184500742814 h=0.106783063792319
ode: err=0.00030690931137275 tol=0.0102430493904283 h=0.213566127584637
ode: err=0.00851634753880112 tol=0.0145262719428006 h=0.427132255169275
ode: err=0.098176536454936 tol=0.0151965463294262 h=0.463725707552964
ode: err=0.0312224276051107 tol=0.011710684593739 h=0.276324298251372
ode: err=0.00257582263317424 tol=0.0100894337879908 h=0.205433651337152
ode: err=0.497730290587077 tol=0.0117433724351216 h=0.27455724004452
ode: err=0.024751008938454 tol=0.00712694653728156 h=0.102224782811314
ode: err=0.00155234968801031 tol=0.00594190817308823 h=0.0711389499206947
ode: err=0.115367275722375 tol=0.00686231996099031 h=0.0945290187742039
ode: err=0.00855977917042056 tol=0.00469607887347893 h=0.044349204754093
ode: err=0.00211810044781781 tol=0.004245174279542 h=0.0362599872842869
ode: err=0.249605242481588 tol=0.00451842532775861 h=0.0409862793558814
ode: err=0.000339363819240951 tol=0.00266558689125555 h=0.0142822112602891
ode: err=0.0669816916248969 tol=0.00336522064812403 h=0.0227143798614468
ode: err=0.000368718195754278 tol=0.00225557123890431 h=0.0102161873357388
ode: err=0.0189531425478054 tol=0.00275881511837521 h=0.0152634584183026
ode: err=0.000792714837554802 tol=0.00211291214450299 h=0.00895647040624281
ode: err=0.00407452341931749 tol=0.00232841922970473 h=0.0108718039846193
ode: err=0.00160339264228317 tol=0.00211613212702125 h=0.00897989603473925
ode: err=0.000526669679665811 tol=0.00213531930680659 h=0.00914367197381949
ode: err=0.000307612498189601 tol=0.00247916407117089 h=0.0123260910175253
ode: err=0.000421498581257407 tol=0.00313684392245762 h=0.0197298734091429
ode: err=0.000329592248770931 tol=0.00393029273605459 h=0.0309579434316561
ode: err=0.00031933158733658 tol=0.00522456967183283 h=0.0546522045225923
ode: err=0.00029634638876595 tol=0.00722784113269815 h=0.104419942929457
ode: err=0.000338844474114762 tol=0.0102371575959793 h=0.208839885858913
ode: err=0.00981595315026896 tol=0.0145180068149026 h=0.417679771717827
ode: err=0.0922831858877357 tol=0.0149208879899738 h=0.437583238261284
ode: err=0.0313579151119485 tol=0.0115612004726116 h=0.263604188055984
ode: err=0.00285324835935465 tol=0.00993861249684584 h=0.195137101193168
ode: err=0.455263730538559 tol=0.0113936003865483 h=0.253256149669037
ode: err=0.0208585816137715 tol=0.00696956851018496 h=0.0956936428965716
ode: err=0.00194027229470159 tol=0.00591998163196409 h=0.0691173331289609
ode: err=0.132728634120324 tol=0.00664539142259767 h=0.0867810693102423
ode: err=0.00480838469281063 tol=0.00445078752472987 h=0.0389975737272637
ode: err=0.00302055071629348 tol=0.00429601428124354 h=0.0363388021281815
ode: err=0.194307105653037 tol=0.00438064242327906 h=0.0376998054033916
ode: err=0.000350496585071322 tol=0.0026562216204507 h=0.0138779396406245
ode: err=0.0315614805808337 tol=0.00333759000617033 h=0.0218747817506619
ode: err=0.000738815903074663 tol=0.00245579832610066 h=0.0118504880993145
ode: err=0.00702906085115951 tol=0.00278244865505033 h=0.0152010630290647
ode: err=0.00166324591555072 tol=0.00241523545724827 h=0.0114546026639197
ode: err=0.000855119307900589 tol=0.00246668436615742 h=0.0119455014915556
ode: err=0.000294018372234881 tol=0.00274481740958328 h=0.0147893711945317
ode: err=0.000460547784693946 tol=0.00353769430238866 h=0.0245588520222681
ode: err=0.000365263462006057 tol=0.00445055956295074 h=0.038841238433806
ode: err=0.000332374433727839 tol=0.00593290317111756 h=0.0689396018154051
ode: err=0.000260839304825767 tol=0.00829940393446708 h=0.134617737899525
ode: err=0.00122089544146879 tol=0.0117591936705834 h=0.269235475799049
ode: err=0.0229016299991757 tol=0.0152614635161451 h=0.45058907452677
ode: err=0.00874405586270541 tol=0.0141316272718731 h=0.386755688076689
ode: err=0.334414795214766 tol=0.0147270144954216 h=0.414266798068404
ode: err=0.0327914598226343 tol=0.00966770431908062 h=0.180285600442434
ode: err=0.00220539762464663 tol=0.00808204530146168 h=0.126204632920061
ode: err=0.231099672033457 tol=0.00929872280297564 h=0.165885145387211
ode: err=0.0114223995610642 tol=0.00605126804181692 h=0.0705808844358662
ode: err=0.00264966794460003 tol=0.0054460364901772 h=0.0572048646077124
ode: err=0.187514821910107 tol=0.00581660003010757 h=0.0650697054975524
ode: err=0.00133183996021676 tol=0.00367003945087613 h=0.0259424415127991
ode: err=0.0905203632723306 tol=0.00406470788885428 h=0.0317533188561183
ode: err=0.000462380975450498 tol=0.00268648849508665 h=0.0138862024547103
ode: err=0.0173505915154614 tol=0.00326469842819525 h=0.0204811036353114
ode: err=0.00120266450974844 tol=0.00258195347367999 h=0.0128147210408336
ode: err=0.00254285495750192 tol=0.00276943848326135 h=0.0147361400763011
ode: err=0.000298619469494298 tol=0.00272853537402264 h=0.0143012790182127
ode: err=0.000438600603726791 tol=0.00350729970961232 h=0.0236211671248056
ode: err=0.000422065565866406 tol=0.00443454424447148 h=0.0377355662403425
ode: err=0.00034515490289857 tol=0.00580294162606617 h=0.0645418996992265
ode: err=0.000280961947449751 tol=0.00805657643675853 h=0.12415776557345
ode: err=0.000890985393261239 tol=0.0114137981206884 h=0.2483155311469
ode: err=0.019919570953876 tol=0.0153495341734587 h=0.446290240430414
ode: err=0.0100774352605866 tol=0.0144757312779571 h=0.397232524218209
ode: err=0.203578927749928 tol=0.0148438162152148 h=0.413134086850631
ode: err=0.0305423251272787 tol=0.0103947267057854 h=0.203947234633275
ode: err=0.00275745838909794 tol=0.0088472502545374 h=0.147985502379196
ode: err=0.289862949798896 tol=0.0100179047293485 h=0.188155801019985
ode: err=0.0125479445638977 tol=0.00639283015999544 h=0.0770703382931776
ode: err=0.00275826946056879 tol=0.00572522683047156 h=0.0618573077989806
ode: err=0.177769227542601 tol=0.00612290805799467 h=0.0705348295834868
ode: err=0.00167727797029237 tol=0.00391399555293143 h=0.0288670573406506
ode: err=0.0886156164875713 tol=0.00424571859250977 h=0.0338945553877199
ode: err=0.000532788154060091 tol=0.00282900625365625 h=0.0150648142900677
ode: err=0.0151094845048103 tol=0.00339933567593437 h=0.0217248719050915
ode: err=0.00144953927043906 tol=0.00274922066566278 h=0.0142140202838621
ode: err=0.00193391365309347 tol=0.00290352372967965 h=0.0158465760673293
ode: err=0.000295829328653285 tol=0.00297789566129396 h=0.0166640714885223
ode: err=0.000468300141213879 tol=0.00387472383053213 h=0.0281982260427702
ode: err=0.000419804020322781 tol=0.0049204596139518 h=0.0454333237129078
ode: err=0.000343019202559748 tol=0.00652822343413344 h=0.0798615774012974
ode: err=0.000221743036399327 tol=0.00920714298541712 h=0.158464007018917
ode: err=0.00280214756750303 tol=0.0130492051217848 h=0.316928014037835
ode: err=0.0336715467781246 tol=0.0154710363716984 h=0.442290385078611
ode: err=0.00452090234767093 tol=0.0136678815779067 h=0.345935545351843
ode: err=0.678172882721701 tol=0.0154820009029624 h=0.433349015448825
ode: err=0.112410139881044 tol=0.00931946713909797 h=0.160023250025702
ode: err=0.00068712774843936 tol=0.00664282262383776 h=0.0815742501084071
ode: err=0.118738816497971 tol=0.00861940589725962 h=0.136648694727321
ode: err=0.0111806682069023 tol=0.00604479875701435 h=0.0673829851910787
ode: err=0.00284156667616132 tol=0.00545408063635662 h=0.0548911556408122
ode: err=0.203268022667943 tol=0.00577523773605323 h=0.0613785896970812
ode: err=0.000911912792118123 tol=0.00360422138387141 h=0.0239395350679254
ode: err=0.0579401112905438 tol=0.00417556130444241 h=0.0320666694291983
ode: err=0.00071157849066537 tol=0.0029281750445205 h=0.0157837918439387
ode: err=0.0104803749316149 tol=0.00340789841974416 h=0.0213564225909459
ode: err=0.0018666285955087 tol=0.00288614429914437 h=0.0153207337942958
ode: err=0.00116674767292652 tol=0.00297120308655369 h=0.0162299881740502
ode: err=0.000303875747855502 tol=0.00325548726255806 h=0.0194773853760233
ode: err=0.00049705518176257 tol=0.00426930709191914 h=0.033476053437774
ode: err=0.000402381729708891 tol=0.00544737603949023 h=0.0544435022795161
ode: err=0.000326924909401808 tol=0.00735968606673883 h=0.0992103395622838
ode: err=0.000320863044395921 tol=0.0104234245802132 h=0.198420679124568
ode: err=0.0088008701610411 tol=0.0147807301663521 h=0.396841358249135
ode: err=0.304676681672476 tol=0.0154428658475526 h=0.429173701067836
ode: err=0.000842757502153935 tol=0.0103355778759602 h=0.193454518133667
ode: err=0.449077054233351 tol=0.0138873100987642 h=0.343922442562255
ode: err=0.0306271598986376 tol=0.00871446667659667 h=0.137011947293804
ode: err=0.00241127087820856 tol=0.00725304852746982 h=0.0950638865907973
ode: err=0.145726232069524 tol=0.00813299418980837 h=0.118934490605057
ode: err=0.00815223193675446 tol=0.00551892087765313 h=0.0549173539445676
ode: err=0.00312499828218076 tol=0.00512209219923585 h=0.0473235830311616
ode: err=0.188245672959471 tol=0.00531710502684749 h=0.0508686985525886
ode: err=0.000566247256384909 tol=0.0033160246589003 h=0.0198112460140076
ode: err=0.0299483589449778 tol=0.00403450962400433 h=0.0292777910168306
ode: err=0.00116466679794336 tol=0.00305987454445859 h=0.0168506377863134
ode: err=0.00424641317634573 tol=0.00336649640567743 h=0.0203805279492089
ode: err=0.00260334454150147 tol=0.00318729589119122 h=0.0182695567980203
ode: err=0.000439821639503908 tol=0.00318684169281279 h=0.0182567849807961
ode: err=0.000404481423019546 tol=0.00397976447650438 h=0.0284556742312582
ode: err=0.00048386677353477 tol=0.00516468971270393 h=0.0478775791945233
ode: err=0.000360660730881666 tol=0.00677273509870826 h=0.0822120347490431
ode: err=0.000217551705767569 tol=0.00953623129627352 h=0.162583066344981
ode: err=0.00328013418119254 tol=0.0135160812633661 h=0.325166132689962
ode: err=0.0356392855467312 tol=0.0157823258520488 h=0.440117570777859
ode: err=0.00406801543168319 tol=0.0138777600571454 h=0.341077300194103
ode: err=0.648643848205489 tol=0.0159492886221215 h=0.440362793040329
ode: err=0.185617785325205 tol=0.0096978352543962 h=0.165660121792561
ode: err=0.000428688481461022 tol=0.0065233184925926 h=0.0752411431914826
ode: err=0.117854389307471 tol=0.00895813507668575 h=0.1411759382944
ode: err=0.0100100601160186 tol=0.00631871283469973 h=0.0704210099705287
ode: err=0.00335081372885972 tol=0.00581301646924914 h=0.0596312396596504
ode: err=0.200339680290659 tol=0.00607828607780081 h=0.0650145049500774
ode: err=0.00102907464540463 tol=0.00382452898630702 h=0.0257772987746363
ode: err=0.0474822198452179 tol=0.0043966532104254 h=0.0340011636315444
ode: err=0.000959655230652409 tol=0.0031815226322539 h=0.0178182556134729
ode: err=0.00684508446292797 tol=0.00360393137998011 h=0.0228411904884555
ode: err=0.00250566799660483 tol=0.00324178773096275 h=0.0184838215265769
ode: err=0.000677670577217523 tol=0.00326387240946398 h=0.0187275357079304
ode: err=0.000352433498414938 tol=0.00387305326648824 h=0.0263562048789467
ode: err=0.000513497347210562 tol=0.00509607000676187 h=0.045588001343514
ode: err=0.000382378072302138 tol=0.00662195127447619 h=0.0768685082435469
ode: err=0.00023888464271491 tol=0.00922918101621668 h=0.148968796305033
ode: err=0.0022184791302973 tol=0.0130785924250852 h=0.297937592610066
ode: err=0.025927097618408 tol=0.0159656409529761 h=0.441037303417006
ode: err=0.007884798313872 tol=0.0146363993086607 h=0.371156476580923
ode: err=0.463223152287227 tol=0.0155497957536163 h=0.411567965203383
ode: err=0.0408756893845237 tol=0.00984997250745627 h=0.167358886153336
ode: err=0.00237602708961739 tol=0.00802781864562096 h=0.11139478614605
ode: err=0.176692072854929 tol=0.00913801901875811 h=0.143474596037038
ode: err=0.00988298863662276 tol=0.00613968930553518 h=0.0649991030849242
ode: err=0.00327676597537681 tol=0.00563707589782688 h=0.054820815768104
ode: err=0.201430673524706 tol=0.00588768985063399 h=0.0596446113889961
ode: err=0.000771384180515658 tol=0.00368748734850591 h=0.0234287786062422
ode: err=0.0364857368991858 tol=0.00437432688472701 h=0.0329107823541173
ode: err=0.00117236762434678 tol=0.00326946267698147 h=0.0183975011899752
ode: err=0.00485052924686927 tol=0.00362418727352232 h=0.0225858056543168
ode: err=0.00278455726162957 tol=0.00340591714918134 h=0.0199486985646869
ode: err=0.000478645286850722 tol=0.00340515272828485 h=0.0199300163411024
ode: err=0.000404502996727603 tol=0.0042428270099978 h=0.03092160031591
ode: err=0.000500854763558247 tol=0.00555053780649298 h=0.0528650884249004
ode: err=0.000361310496798589 tol=0.00731341544243575 h=0.0916322566925597
ode: err=0.000241171301256364 tol=0.0103568229089213 h=0.183264513385119
ode: err=0.00577811173104093 tol=0.0146827268705708 h=0.366529026770239
ode: err=0.101395422171507 tol=0.0161545646895383 h=0.439629852672904
ode: err=0.000473211977877311 tol=0.0124826851679832 h=0.263863918979801
ode: err=0.605010297256287 tol=0.017852446118063 h=0.527727837959601
ode: err=0.286311801905636 tol=0.0111081561215298 h=0.207786510867922
ode: err=0.000855677956703183 tol=0.00719941454656307 h=0.0876075705364113
ode: err=0.128384744341768 tol=0.00918193307885447 h=0.141746371870736
ode: err=0.0101886794981269 tol=0.00642673942826233 h=0.0696371089161043
ode: err=0.00346455337163854 tol=0.00591186047383842 h=0.0589566143150928
ode: err=0.201724857930194 tol=0.006168733925958 h=0.0640140597179148
ode: err=0.000900971747769524 tol=0.00388529179464136 h=0.0254306892451809
ode: err=0.0366285488511299 tol=0.00455005368228283 h=0.0348144752291498
ode: err=0.00127333656776092 tol=0.00341591213588338 h=0.0196350793380684
ode: err=0.00445397798308016 tol=0.00376825450276432 h=0.0238724578765653
ode: err=0.00296806339080749 tol=0.00359677362439012 h=0.0217504767738769
ode: err=0.000436738321115013 tol=0.00359188310525867 h=0.0216796551438701
ode: err=0.00042810287238934 tol=0.00455757861599184 h=0.0348779698954135
ode: err=0.000497861733514979 tol=0.00597374405491416 h=0.0598509861434393
ode: err=0.000342081199710028 tol=0.00795033925840935 h=0.105822832507135
ode: err=0.000461097628538914 tol=0.0112604910192851 h=0.21164566501427
ode: err=0.0126065250971648 tol=0.0159698540596319 h=0.423291330028539
ode: err=0.145975308231048 tol=0.0161021524575691 h=0.426618188386977
ode: err=0.00799630381510313 tol=0.0118873582658962 h=0.233568410789959
ode: err=0.481332642634221 tol=0.0122465553927346 h=0.245011645704065
ode: err=0.046289253392908 tol=0.00751241099404446 h=0.0929613649148633
ode: err=0.001301306457058 tol=0.00582837967469508 h=0.0560532615562102
ode: err=0.197323047484182 tol=0.00686264430522081 h=0.0774669675296017
ode: err=0.00101709778376908 tol=0.00439180239225628 h=0.0317810747573209
ode: err=0.0593049878292288 tol=0.00514504733389474 h=0.0435223368468043
ode: err=0.00108791951146878 tol=0.00369257513983155 h=0.0224393539781662
ode: err=0.00759118547808846 tol=0.0041955961183471 h=0.0289345744066032
ode: err=0.00301317883386724 tol=0.0037969071478698 h=0.0237007299617502
ode: err=0.000694184898270367 tol=0.00381055337228509 h=0.02385539403978
ode: err=0.000367788681896732 tol=0.00459685187424421 h=0.0346887317302045
ode: err=0.000528756226870738 tol=0.00614748465075245 h=0.0619623048755756
ode: err=0.000348853922168122 tol=0.00814957974872527 h=0.108695523646753
ode: err=0.000595326696888645 tol=0.0115428849852273 h=0.217391047293506
ode: err=0.015749080225721 tol=0.0163441388445445 h=0.433366176666901
ode: err=0.103157687040647 tol=0.0160746987662 h=0.415532818478731
ode: err=0.0185321841824593 tol=0.0123944969333698 h=0.248021452650659
ode: err=0.00715348796175112 tol=0.0114824754731666 h=0.213077908988596
ode: err=0.401948742589271 tol=0.0119348392355709 h=0.227846021953585
ode: err=0.029501002618449 tol=0.00746842358119302 h=0.0898517480204011
ode: err=0.00193364862237071 tol=0.00612665677461717 h=0.0605477734333933
ode: err=0.192762090463699 tol=0.00690832044455834 h=0.076742029580305
ode: err=0.00097523678184648 tol=0.00443770750659448 h=0.031720834034952
ode: err=0.0383324773416107 tol=0.00523263515363946 h=0.0440129373203451
ode: err=0.00160798789927328 tol=0.00397475253612942 h=0.0254151308692375
ode: err=0.00384885752136722 tol=0.00434054785958799 h=0.0302742076463051
ode: err=0.000359491438574822 tol=0.00429637574961176 h=0.0296380461075
ode: err=0.000479237292663339 tol=0.00571333692624467 h=0.0523511951418646
ode: err=0.000448333591369293 tol=0.00759727565361562 h=0.0924134137863005
ode: err=0.000286845718238149 tol=0.0105614271752229 h=0.178124135679973
ode: err=0.00609409846169704 tol=0.014970144475355 h=0.356248271359946
ode: err=0.0385764951860237 tol=0.016386948272165 h=0.423697110450261
ode: err=0.00247746021750052 tol=0.0143324162594287 h=0.324954784863072
ode: err=0.440513543881739 tol=0.0175283096824719 h=0.478767566926636
ode: err=0.126855023268053 tol=0.0113653517435322 h=0.203139098439488
ode: err=0.00849430079697417 tol=0.00818121346821821 h=0.105581038373732
ode: err=0.00572634248182624 tol=0.00793579601174144 h=0.0993646841421716
ode: err=0.177678367024335 tol=0.00807301023472962 h=0.102419807656776
ode: err=0.00403502877561799 tol=0.00534103626282416 h=0.0449218670750751
ode: err=0.0381823578428223 tol=0.00539693389968544 h=0.0457747653085779
ode: err=0.00186187641650351 tol=0.00411751642409486 h=0.0266637249353036
ode: err=0.00277297594106727 tol=0.00443422784380255 h=0.0308898321236513
ode: err=0.000344926624691554 tol=0.00458509189240426 h=0.0329994824871173
ode: err=0.000503568530252738 tol=0.00617928473002459 h=0.0598599108593543
ode: err=0.000407413261335092 tol=0.00824724198152167 h=0.106433802304958
ode: err=0.000666098320026827 tol=0.0116807368744466 h=0.212867604609916
ode: err=0.0128939141412825 tol=0.0163291615423113 h=0.413824457156348
ode: err=0.00125707292637713 tol=0.011426647620725 h=0.201995838269042
